<?xml version="1.0" encoding="UTF-8"?>
<!-- Generated by org.testng.reporters.JUnitReportReporter -->
<testsuite skipped="0" hostname="DESKTOP-7MOHEMN" name="scripts123.Validloginlogout" tests="1" failures="0" timestamp="01 Jun 2018 11:08:31 GMT" time="12.679" errors="0">
  <testcase name="test1" time="12.679" classname="scripts123.Validloginlogout"/>
</testsuite> <!-- scripts123.Validloginlogout -->
