<?xml version="1.0" encoding="UTF-8"?>
<!-- Generated by org.testng.reporters.JUnitReportReporter -->
<testsuite skipped="0" hostname="DESKTOP-7MOHEMN" name="scripts123.Verfiy" tests="1" failures="0" timestamp="03 Jun 2018 13:01:52 GMT" time="22.458" errors="0">
  <testcase name="test3" time="22.458" classname="scripts123.Verfiy"/>
</testsuite> <!-- scripts123.Verfiy -->
