<?xml version="1.0" encoding="UTF-8"?>
<!-- Generated by org.testng.reporters.JUnitReportReporter -->
<testsuite skipped="0" hostname="DESKTOP-7MOHEMN" name="scripts123.Verfiy" tests="1" failures="0" timestamp="01 Jun 2018 11:08:31 GMT" time="23.029" errors="0">
  <testcase name="test3" time="23.029" classname="scripts123.Verfiy"/>
</testsuite> <!-- scripts123.Verfiy -->
